<?xml version="1.0" encoding="UTF-8"?>
<testng-results ignored="0" total="1" passed="1" failed="0" skipped="0">
  <reporter-output>
  </reporter-output>
  <suite started-at="2023-08-09T04:51:39Z" name="Default suite" finished-at="2023-08-09T04:51:40Z" duration-ms="37">
    <groups>
    </groups>
    <test started-at="2023-08-09T04:51:39Z" name="Default test" finished-at="2023-08-09T04:51:40Z" duration-ms="37">
      <class name="codingExcerciseFinal.IndexFinding">
        <test-method signature="getStringIndex()[pri:0, instance:codingExcerciseFinal.IndexFinding@74bf1791]" started-at="2023-08-09T04:51:40Z" name="getStringIndex" finished-at="2023-08-09T04:51:40Z" duration-ms="11" status="PASS">
          <reporter-output>
          </reporter-output>
        </test-method> <!-- getStringIndex -->
      </class> <!-- codingExcerciseFinal.IndexFinding -->
    </test> <!-- Default test -->
  </suite> <!-- Default suite -->
</testng-results>
